[     135ms] [LOG] [Fast Refresh] rebuilding @ http://localhost:3000/_next/static/chunks/node_modules_next_dist_1ybzpk2._.js:2477
[     436ms] [LOG] [Fast Refresh] done in 406ms @ http://localhost:3000/_next/static/chunks/node_modules_next_dist_1ybzpk2._.js:2477
[     684ms] [INFO] %cDownload the React DevTools for a better development experience: https://react.dev/link/react-devtools font-weight:bold @ http://localhost:3000/_next/static/chunks/node_modules_next_dist_1ybzpk2._.js:2477
[     777ms] [LOG] [HMR] connected @ http://localhost:3000/_next/static/chunks/node_modules_next_dist_1ybzpk2._.js:2477
[     995ms] [WARNING] Image with src "/uploads/logo-white.png" has either width or height modified, but not the other. If you use CSS to change the size of your image, also include the styles 'width: "auto"' or 'height: "auto"' to maintain the aspect ratio. @ http://localhost:3000/_next/static/chunks/node_modules_next_dist_1ybzpk2._.js:2477
[   11386ms] [LOG] [Fast Refresh] rebuilding @ http://localhost:3000/_next/static/chunks/node_modules_next_dist_1ybzpk2._.js:2477
[   11445ms] [LOG] [Fast Refresh] done in 162ms @ http://localhost:3000/_next/static/chunks/node_modules_next_dist_1ybzpk2._.js:2477
[  122554ms] [WARNING] The resource http://localhost:3000/_next/static/media/303804218d80822e-s.p.3lj349bs9hfu1.woff2 was preloaded using link preload but not used within a few seconds from the window's load event. Please make sure it has an appropriate `as` value and it is preloaded intentionally. @ http://localhost:3000/:0
[  122554ms] [WARNING] The resource http://localhost:3000/_next/static/media/4f530f52d514af96-s.p.0xf8lnqelv8sb.woff2 was preloaded using link preload but not used within a few seconds from the window's load event. Please make sure it has an appropriate `as` value and it is preloaded intentionally. @ http://localhost:3000/:0
[  122554ms] [WARNING] The resource http://localhost:3000/_next/static/media/d9b5d46d9a89ffe6-s.p.0xxdg0o7uh536.woff2 was preloaded using link preload but not used within a few seconds from the window's load event. Please make sure it has an appropriate `as` value and it is preloaded intentionally. @ http://localhost:3000/:0
[  122555ms] [WARNING] The resource http://localhost:3000/_next/static/media/1ae2575eb5be4118-s.p.29un6u1l3mwyp.woff2 was preloaded using link preload but not used within a few seconds from the window's load event. Please make sure it has an appropriate `as` value and it is preloaded intentionally. @ http://localhost:3000/:0
[  122555ms] [WARNING] The resource http://localhost:3000/_next/static/media/dc0d9adbac686440-s.p.3cik_s2si-ft-.woff2 was preloaded using link preload but not used within a few seconds from the window's load event. Please make sure it has an appropriate `as` value and it is preloaded intentionally. @ http://localhost:3000/:0
[  122555ms] [WARNING] The resource http://localhost:3000/_next/static/media/8d05cfa5faa8406c-s.p.1s123piy9_v1m.woff2 was preloaded using link preload but not used within a few seconds from the window's load event. Please make sure it has an appropriate `as` value and it is preloaded intentionally. @ http://localhost:3000/:0
[  122555ms] [WARNING] The resource http://localhost:3000/_next/static/media/ddf6ae3f623ba878-s.p.2zhff3cxreb6s.woff2 was preloaded using link preload but not used within a few seconds from the window's load event. Please make sure it has an appropriate `as` value and it is preloaded intentionally. @ http://localhost:3000/:0
[  122555ms] [WARNING] The resource http://localhost:3000/_next/static/media/6c98c9fb873995d2-s.p.22ggkaf3lyu8c.woff2 was preloaded using link preload but not used within a few seconds from the window's load event. Please make sure it has an appropriate `as` value and it is preloaded intentionally. @ http://localhost:3000/:0
[  122555ms] [WARNING] The resource http://localhost:3000/_next/static/media/235a0ef330592118-s.p.0_dtpe4r-myal.woff2 was preloaded using link preload but not used within a few seconds from the window's load event. Please make sure it has an appropriate `as` value and it is preloaded intentionally. @ http://localhost:3000/:0
[  122555ms] [WARNING] The resource http://localhost:3000/_next/static/media/17b0f6a4f906cc39-s.p.3nfl-v4jxqll_.woff2 was preloaded using link preload but not used within a few seconds from the window's load event. Please make sure it has an appropriate `as` value and it is preloaded intentionally. @ http://localhost:3000/:0
[  122555ms] [WARNING] The resource http://localhost:3000/_next/static/media/c6e2684784a55443-s.p.2p4adm_386h58.woff2 was preloaded using link preload but not used within a few seconds from the window's load event. Please make sure it has an appropriate `as` value and it is preloaded intentionally. @ http://localhost:3000/:0
[  122555ms] [WARNING] The resource http://localhost:3000/_next/static/media/a083361d37caf3d1-s.p.0s4utfvp8prsy.woff2 was preloaded using link preload but not used within a few seconds from the window's load event. Please make sure it has an appropriate `as` value and it is preloaded intentionally. @ http://localhost:3000/:0
[  149770ms] [WARNING] The resource http://localhost:3000/_next/static/media/303804218d80822e-s.p.3lj349bs9hfu1.woff2 was preloaded using link preload but not used within a few seconds from the window's load event. Please make sure it has an appropriate `as` value and it is preloaded intentionally. @ http://localhost:3000/:0
[  149770ms] [WARNING] The resource http://localhost:3000/_next/static/media/4f530f52d514af96-s.p.0xf8lnqelv8sb.woff2 was preloaded using link preload but not used within a few seconds from the window's load event. Please make sure it has an appropriate `as` value and it is preloaded intentionally. @ http://localhost:3000/:0
[  149770ms] [WARNING] The resource http://localhost:3000/_next/static/media/d9b5d46d9a89ffe6-s.p.0xxdg0o7uh536.woff2 was preloaded using link preload but not used within a few seconds from the window's load event. Please make sure it has an appropriate `as` value and it is preloaded intentionally. @ http://localhost:3000/:0
[  149770ms] [WARNING] The resource http://localhost:3000/_next/static/media/1ae2575eb5be4118-s.p.29un6u1l3mwyp.woff2 was preloaded using link preload but not used within a few seconds from the window's load event. Please make sure it has an appropriate `as` value and it is preloaded intentionally. @ http://localhost:3000/:0
[  149770ms] [WARNING] The resource http://localhost:3000/_next/static/media/dc0d9adbac686440-s.p.3cik_s2si-ft-.woff2 was preloaded using link preload but not used within a few seconds from the window's load event. Please make sure it has an appropriate `as` value and it is preloaded intentionally. @ http://localhost:3000/:0
[  149770ms] [WARNING] The resource http://localhost:3000/_next/static/media/8d05cfa5faa8406c-s.p.1s123piy9_v1m.woff2 was preloaded using link preload but not used within a few seconds from the window's load event. Please make sure it has an appropriate `as` value and it is preloaded intentionally. @ http://localhost:3000/:0
[  149771ms] [WARNING] The resource http://localhost:3000/_next/static/media/ddf6ae3f623ba878-s.p.2zhff3cxreb6s.woff2 was preloaded using link preload but not used within a few seconds from the window's load event. Please make sure it has an appropriate `as` value and it is preloaded intentionally. @ http://localhost:3000/:0
[  149771ms] [WARNING] The resource http://localhost:3000/_next/static/media/6c98c9fb873995d2-s.p.22ggkaf3lyu8c.woff2 was preloaded using link preload but not used within a few seconds from the window's load event. Please make sure it has an appropriate `as` value and it is preloaded intentionally. @ http://localhost:3000/:0
[  149771ms] [WARNING] The resource http://localhost:3000/_next/static/media/235a0ef330592118-s.p.0_dtpe4r-myal.woff2 was preloaded using link preload but not used within a few seconds from the window's load event. Please make sure it has an appropriate `as` value and it is preloaded intentionally. @ http://localhost:3000/:0
[  149771ms] [WARNING] The resource http://localhost:3000/_next/static/media/17b0f6a4f906cc39-s.p.3nfl-v4jxqll_.woff2 was preloaded using link preload but not used within a few seconds from the window's load event. Please make sure it has an appropriate `as` value and it is preloaded intentionally. @ http://localhost:3000/:0
[  149771ms] [WARNING] The resource http://localhost:3000/_next/static/media/c6e2684784a55443-s.p.2p4adm_386h58.woff2 was preloaded using link preload but not used within a few seconds from the window's load event. Please make sure it has an appropriate `as` value and it is preloaded intentionally. @ http://localhost:3000/:0
[  149771ms] [WARNING] The resource http://localhost:3000/_next/static/media/a083361d37caf3d1-s.p.0s4utfvp8prsy.woff2 was preloaded using link preload but not used within a few seconds from the window's load event. Please make sure it has an appropriate `as` value and it is preloaded intentionally. @ http://localhost:3000/:0
